<?xml version="1.0" encoding="UTF-8"?>
<testng-results skipped="0" failed="0" ignored="0" total="1" passed="1">
  <reporter-output>
  </reporter-output>
  <suite name="Default suite" duration-ms="68709" started-at="2020-04-06T09:03:17 IST" finished-at="2020-04-06T09:04:26 IST">
    <groups>
    </groups>
    <test name="Default test" duration-ms="68709" started-at="2020-04-06T09:03:17 IST" finished-at="2020-04-06T09:04:26 IST">
      <class name="PDF_Reader.PDF_Reader">
        <test-method status="PASS" signature="Pdf_reader()[pri:0, instance:PDF_Reader.PDF_Reader@7791a895]" name="Pdf_reader" duration-ms="68463" started-at="2020-04-06T09:03:18 IST" finished-at="2020-04-06T09:04:26 IST">
          <reporter-output>
          </reporter-output>
        </test-method> <!-- Pdf_reader -->
      </class> <!-- PDF_Reader.PDF_Reader -->
    </test> <!-- Default test -->
  </suite> <!-- Default suite -->
</testng-results>
