<?xml version="1.0" encoding="UTF-8"?>
<testng-results skipped="0" failed="0" ignored="0" total="1" passed="1">
  <reporter-output>
  </reporter-output>
  <suite name="Default suite" duration-ms="21968" started-at="2020-04-20T08:30:05 IST" finished-at="2020-04-20T08:30:27 IST">
    <groups>
    </groups>
    <test name="Default test" duration-ms="21968" started-at="2020-04-20T08:30:05 IST" finished-at="2020-04-20T08:30:27 IST">
      <class name="WebdriverManager.wm">
        <test-method status="PASS" signature="setup()[pri:0, instance:WebdriverManager.wm@7d0587f1]" name="setup" is-config="true" duration-ms="16713" started-at="2020-04-20T08:30:05 IST" finished-at="2020-04-20T08:30:22 IST">
          <reporter-output>
          </reporter-output>
        </test-method> <!-- setup -->
        <test-method status="PASS" signature="exicute()[pri:0, instance:WebdriverManager.wm@7d0587f1]" name="exicute" duration-ms="4419" started-at="2020-04-20T08:30:22 IST" finished-at="2020-04-20T08:30:26 IST">
          <reporter-output>
          </reporter-output>
        </test-method> <!-- exicute -->
        <test-method status="PASS" signature="close()[pri:0, instance:WebdriverManager.wm@7d0587f1]" name="close" is-config="true" duration-ms="721" started-at="2020-04-20T08:30:26 IST" finished-at="2020-04-20T08:30:27 IST">
          <reporter-output>
          </reporter-output>
        </test-method> <!-- close -->
      </class> <!-- WebdriverManager.wm -->
    </test> <!-- Default test -->
  </suite> <!-- Default suite -->
</testng-results>
