<?xml version="1.0" encoding="UTF-8"?>
<testng-results skipped="0" failed="0" ignored="0" total="1" passed="1">
  <reporter-output>
  </reporter-output>
  <suite name="Default suite" duration-ms="21387" started-at="2020-04-15T12:13:28 IST" finished-at="2020-04-15T12:13:49 IST">
    <groups>
    </groups>
    <test name="Default test" duration-ms="21387" started-at="2020-04-15T12:13:28 IST" finished-at="2020-04-15T12:13:49 IST">
      <class name="Bar_code.BarcodeTest">
        <test-method status="PASS" signature="test()[pri:0, instance:Bar_code.BarcodeTest@3701eaf6]" name="test" duration-ms="21305" started-at="2020-04-15T12:13:28 IST" finished-at="2020-04-15T12:13:49 IST">
          <reporter-output>
          </reporter-output>
        </test-method> <!-- test -->
      </class> <!-- Bar_code.BarcodeTest -->
    </test> <!-- Default test -->
  </suite> <!-- Default suite -->
</testng-results>
