<?xml version="1.0" encoding="UTF-8"?>
<testng-results skipped="0" failed="0" ignored="0" total="2" passed="2">
  <reporter-output>
  </reporter-output>
  <suite name="Default suite" duration-ms="120" started-at="2020-03-27T17:25:28 IST" finished-at="2020-03-27T17:25:28 IST">
    <groups>
    </groups>
    <test name="Default test" duration-ms="120" started-at="2020-03-27T17:25:28 IST" finished-at="2020-03-27T17:25:28 IST">
      <class name="demo.LoginPage_Test">
        <test-method status="PASS" signature="min()[pri:0, instance:demo.LoginPage_Test@5a8e6209]" name="min" duration-ms="40" started-at="2020-03-27T17:25:28 IST" finished-at="2020-03-27T17:25:28 IST">
          <reporter-output>
          </reporter-output>
        </test-method> <!-- min -->
        <test-method status="PASS" signature="sum()[pri:0, instance:demo.LoginPage_Test@5a8e6209]" name="sum" duration-ms="0" started-at="2020-03-27T17:25:28 IST" finished-at="2020-03-27T17:25:28 IST">
          <reporter-output>
          </reporter-output>
        </test-method> <!-- sum -->
      </class> <!-- demo.LoginPage_Test -->
    </test> <!-- Default test -->
  </suite> <!-- Default suite -->
</testng-results>
